Determining if the pthread_create exist failed with the following output:
Change Dir: /home/chenyu/桌面/三维重建/code/3DReconstruction/Feature/build/CMakeFiles/CMakeTmp

Run Build Command:"/usr/bin/make" "cmTC_7c409/fast"
/usr/bin/make -f CMakeFiles/cmTC_7c409.dir/build.make CMakeFiles/cmTC_7c409.dir/build
make[1]: Entering directory '/home/chenyu/桌面/三维重建/code/3DReconstruction/Feature/build/CMakeFiles/CMakeTmp'
Building C object CMakeFiles/cmTC_7c409.dir/CheckSymbolExists.c.o
/usr/bin/cc    -fPIC    -o CMakeFiles/cmTC_7c409.dir/CheckSymbolExists.c.o   -c /home/chenyu/桌面/三维重建/code/3DReconstruction/Feature/build/CMakeFiles/CMakeTmp/CheckSymbolExists.c
Linking C executable cmTC_7c409
/usr/bin/cmake -E cmake_link_script CMakeFiles/cmTC_7c409.dir/link.txt --verbose=1
/usr/bin/cc  -fPIC     CMakeFiles/cmTC_7c409.dir/CheckSymbolExists.c.o  -o cmTC_7c409 
CMakeFiles/cmTC_7c409.dir/CheckSymbolExists.c.o：在函数‘main’中：
CheckSymbolExists.c:(.text+0x1b)：对‘pthread_create’未定义的引用
collect2: error: ld returned 1 exit status
CMakeFiles/cmTC_7c409.dir/build.make:97: recipe for target 'cmTC_7c409' failed
make[1]: *** [cmTC_7c409] Error 1
make[1]: Leaving directory '/home/chenyu/桌面/三维重建/code/3DReconstruction/Feature/build/CMakeFiles/CMakeTmp'
Makefile:126: recipe for target 'cmTC_7c409/fast' failed
make: *** [cmTC_7c409/fast] Error 2

File /home/chenyu/桌面/三维重建/code/3DReconstruction/Feature/build/CMakeFiles/CMakeTmp/CheckSymbolExists.c:
/* */
#include <pthread.h>

int main(int argc, char** argv)
{
  (void)argv;
#ifndef pthread_create
  return ((int*)(&pthread_create))[argc];
#else
  (void)argc;
  return 0;
#endif
}

Determining if the function pthread_create exists in the pthreads failed with the following output:
Change Dir: /home/chenyu/桌面/三维重建/code/3DReconstruction/Feature/build/CMakeFiles/CMakeTmp

Run Build Command:"/usr/bin/make" "cmTC_278f9/fast"
/usr/bin/make -f CMakeFiles/cmTC_278f9.dir/build.make CMakeFiles/cmTC_278f9.dir/build
make[1]: Entering directory '/home/chenyu/桌面/三维重建/code/3DReconstruction/Feature/build/CMakeFiles/CMakeTmp'
Building C object CMakeFiles/cmTC_278f9.dir/CheckFunctionExists.c.o
/usr/bin/cc    -fPIC -DCHECK_FUNCTION_EXISTS=pthread_create   -o CMakeFiles/cmTC_278f9.dir/CheckFunctionExists.c.o   -c /usr/share/cmake-3.5/Modules/CheckFunctionExists.c
Linking C executable cmTC_278f9
/usr/bin/cmake -E cmake_link_script CMakeFiles/cmTC_278f9.dir/link.txt --verbose=1
/usr/bin/cc  -fPIC -DCHECK_FUNCTION_EXISTS=pthread_create    CMakeFiles/cmTC_278f9.dir/CheckFunctionExists.c.o  -o cmTC_278f9 -lpthreads 
/usr/bin/ld: 找不到 -lpthreads
collect2: error: ld returned 1 exit status
CMakeFiles/cmTC_278f9.dir/build.make:97: recipe for target 'cmTC_278f9' failed
make[1]: *** [cmTC_278f9] Error 1
make[1]: Leaving directory '/home/chenyu/桌面/三维重建/code/3DReconstruction/Feature/build/CMakeFiles/CMakeTmp'
Makefile:126: recipe for target 'cmTC_278f9/fast' failed
make: *** [cmTC_278f9/fast] Error 2


