Determining if the pthread_create exist failed with the following output:
Change Dir: /home/chenyu/桌面/三维重建/code/3DReconstruction/MySIFT/Feature/featureDetector/build/CMakeFiles/CMakeTmp

Run Build Command:"/usr/bin/make" "cmTC_f7159/fast"
/usr/bin/make -f CMakeFiles/cmTC_f7159.dir/build.make CMakeFiles/cmTC_f7159.dir/build
make[1]: Entering directory '/home/chenyu/桌面/三维重建/code/3DReconstruction/MySIFT/Feature/featureDetector/build/CMakeFiles/CMakeTmp'
Building C object CMakeFiles/cmTC_f7159.dir/CheckSymbolExists.c.o
/usr/bin/cc    -fPIC    -o CMakeFiles/cmTC_f7159.dir/CheckSymbolExists.c.o   -c /home/chenyu/桌面/三维重建/code/3DReconstruction/MySIFT/Feature/featureDetector/build/CMakeFiles/CMakeTmp/CheckSymbolExists.c
Linking C executable cmTC_f7159
/usr/bin/cmake -E cmake_link_script CMakeFiles/cmTC_f7159.dir/link.txt --verbose=1
/usr/bin/cc  -fPIC     CMakeFiles/cmTC_f7159.dir/CheckSymbolExists.c.o  -o cmTC_f7159 
CMakeFiles/cmTC_f7159.dir/CheckSymbolExists.c.o：在函数‘main’中：
CheckSymbolExists.c:(.text+0x1b)：对‘pthread_create’未定义的引用
collect2: error: ld returned 1 exit status
CMakeFiles/cmTC_f7159.dir/build.make:97: recipe for target 'cmTC_f7159' failed
make[1]: *** [cmTC_f7159] Error 1
make[1]: Leaving directory '/home/chenyu/桌面/三维重建/code/3DReconstruction/MySIFT/Feature/featureDetector/build/CMakeFiles/CMakeTmp'
Makefile:126: recipe for target 'cmTC_f7159/fast' failed
make: *** [cmTC_f7159/fast] Error 2

File /home/chenyu/桌面/三维重建/code/3DReconstruction/MySIFT/Feature/featureDetector/build/CMakeFiles/CMakeTmp/CheckSymbolExists.c:
/* */
#include <pthread.h>

int main(int argc, char** argv)
{
  (void)argv;
#ifndef pthread_create
  return ((int*)(&pthread_create))[argc];
#else
  (void)argc;
  return 0;
#endif
}

Determining if the function pthread_create exists in the pthreads failed with the following output:
Change Dir: /home/chenyu/桌面/三维重建/code/3DReconstruction/MySIFT/Feature/featureDetector/build/CMakeFiles/CMakeTmp

Run Build Command:"/usr/bin/make" "cmTC_06594/fast"
/usr/bin/make -f CMakeFiles/cmTC_06594.dir/build.make CMakeFiles/cmTC_06594.dir/build
make[1]: Entering directory '/home/chenyu/桌面/三维重建/code/3DReconstruction/MySIFT/Feature/featureDetector/build/CMakeFiles/CMakeTmp'
Building C object CMakeFiles/cmTC_06594.dir/CheckFunctionExists.c.o
/usr/bin/cc    -fPIC -DCHECK_FUNCTION_EXISTS=pthread_create   -o CMakeFiles/cmTC_06594.dir/CheckFunctionExists.c.o   -c /usr/share/cmake-3.5/Modules/CheckFunctionExists.c
Linking C executable cmTC_06594
/usr/bin/cmake -E cmake_link_script CMakeFiles/cmTC_06594.dir/link.txt --verbose=1
/usr/bin/cc  -fPIC -DCHECK_FUNCTION_EXISTS=pthread_create    CMakeFiles/cmTC_06594.dir/CheckFunctionExists.c.o  -o cmTC_06594 -lpthreads 
/usr/bin/ld: 找不到 -lpthreads
collect2: error: ld returned 1 exit status
CMakeFiles/cmTC_06594.dir/build.make:97: recipe for target 'cmTC_06594' failed
make[1]: *** [cmTC_06594] Error 1
make[1]: Leaving directory '/home/chenyu/桌面/三维重建/code/3DReconstruction/MySIFT/Feature/featureDetector/build/CMakeFiles/CMakeTmp'
Makefile:126: recipe for target 'cmTC_06594/fast' failed
make: *** [cmTC_06594/fast] Error 2


