Determining if the pthread_create exist failed with the following output:
Change Dir: /home/chenyu/文档/SfM/src/tracks/build/CMakeFiles/CMakeTmp

Run Build Command:"/usr/bin/make" "cmTC_ea13f/fast"
/usr/bin/make -f CMakeFiles/cmTC_ea13f.dir/build.make CMakeFiles/cmTC_ea13f.dir/build
make[1]: Entering directory '/home/chenyu/文档/SfM/src/tracks/build/CMakeFiles/CMakeTmp'
Building C object CMakeFiles/cmTC_ea13f.dir/CheckSymbolExists.c.o
/usr/bin/cc    -fPIC    -o CMakeFiles/cmTC_ea13f.dir/CheckSymbolExists.c.o   -c /home/chenyu/文档/SfM/src/tracks/build/CMakeFiles/CMakeTmp/CheckSymbolExists.c
Linking C executable cmTC_ea13f
/usr/bin/cmake -E cmake_link_script CMakeFiles/cmTC_ea13f.dir/link.txt --verbose=1
/usr/bin/cc  -fPIC     CMakeFiles/cmTC_ea13f.dir/CheckSymbolExists.c.o  -o cmTC_ea13f 
CMakeFiles/cmTC_ea13f.dir/CheckSymbolExists.c.o：在函数‘main’中：
CheckSymbolExists.c:(.text+0x1b)：对‘pthread_create’未定义的引用
collect2: error: ld returned 1 exit status
CMakeFiles/cmTC_ea13f.dir/build.make:97: recipe for target 'cmTC_ea13f' failed
make[1]: *** [cmTC_ea13f] Error 1
make[1]: Leaving directory '/home/chenyu/文档/SfM/src/tracks/build/CMakeFiles/CMakeTmp'
Makefile:126: recipe for target 'cmTC_ea13f/fast' failed
make: *** [cmTC_ea13f/fast] Error 2

File /home/chenyu/文档/SfM/src/tracks/build/CMakeFiles/CMakeTmp/CheckSymbolExists.c:
/* */
#include <pthread.h>

int main(int argc, char** argv)
{
  (void)argv;
#ifndef pthread_create
  return ((int*)(&pthread_create))[argc];
#else
  (void)argc;
  return 0;
#endif
}

Determining if the function pthread_create exists in the pthreads failed with the following output:
Change Dir: /home/chenyu/文档/SfM/src/tracks/build/CMakeFiles/CMakeTmp

Run Build Command:"/usr/bin/make" "cmTC_8c147/fast"
/usr/bin/make -f CMakeFiles/cmTC_8c147.dir/build.make CMakeFiles/cmTC_8c147.dir/build
make[1]: Entering directory '/home/chenyu/文档/SfM/src/tracks/build/CMakeFiles/CMakeTmp'
Building C object CMakeFiles/cmTC_8c147.dir/CheckFunctionExists.c.o
/usr/bin/cc    -fPIC -DCHECK_FUNCTION_EXISTS=pthread_create   -o CMakeFiles/cmTC_8c147.dir/CheckFunctionExists.c.o   -c /usr/share/cmake-3.5/Modules/CheckFunctionExists.c
Linking C executable cmTC_8c147
/usr/bin/cmake -E cmake_link_script CMakeFiles/cmTC_8c147.dir/link.txt --verbose=1
/usr/bin/cc  -fPIC -DCHECK_FUNCTION_EXISTS=pthread_create    CMakeFiles/cmTC_8c147.dir/CheckFunctionExists.c.o  -o cmTC_8c147 -lpthreads 
/usr/bin/ld: 找不到 -lpthreads
collect2: error: ld returned 1 exit status
CMakeFiles/cmTC_8c147.dir/build.make:97: recipe for target 'cmTC_8c147' failed
make[1]: *** [cmTC_8c147] Error 1
make[1]: Leaving directory '/home/chenyu/文档/SfM/src/tracks/build/CMakeFiles/CMakeTmp'
Makefile:126: recipe for target 'cmTC_8c147/fast' failed
make: *** [cmTC_8c147/fast] Error 2


